0 info it worked if it ends with ok
1 verbose cli [ 'C:\\Program Files\\nodejs\\\\node.exe',
1 verbose cli   'C:\\Program Files\\nodejs\\node_modules\\npm\\bin\\npm-cli.js',
1 verbose cli   'run',
1 verbose cli   'test-win' ]
2 info using npm@1.4.3
3 info using node@v0.10.26
4 verbose node symlink C:\Program Files\nodejs\\node.exe
5 verbose run-script [ 'pretest-win', 'test-win', 'posttest-win' ]
6 info pretest-win open-accel@
7 info test-win open-accel@
8 verbose unsafe-perm in lifecycle true
9 info open-accel@ Failed to exec test-win script
10 error open-accel@ test-win: `test.bat`
10 error Exit status 5
11 error Failed at the open-accel@ test-win script.
11 error This is most likely a problem with the open-accel package,
11 error not with npm itself.
11 error Tell the author that this fails on your system:
11 error     test.bat
11 error You can get their info via:
11 error     npm owner ls open-accel
11 error There is likely additional logging output above.
12 error System Windows_NT 6.1.7601
13 error command "C:\\Program Files\\nodejs\\\\node.exe" "C:\\Program Files\\nodejs\\node_modules\\npm\\bin\\npm-cli.js" "run" "test-win"
14 error cwd D:\Documents\TUE\Year 3\2IP35 - Software Enigineering Project\Repo\OpenACCEL
15 error node -v v0.10.26
16 error npm -v 1.4.3
17 error code ELIFECYCLE
18 verbose exit [ 1, true ]
